#-----------------------------------------------------------
# Vivado v2022.2 (64-bit)
# SW Build 3671981 on Fri Oct 14 05:00:03 MDT 2022
# IP Build 3669848 on Fri Oct 14 08:30:02 MDT 2022
# Start of session at: Sat Jun 14 10:12:22 2025
# Process ID: 49292
# Current directory: C:/Users/Admin/Documents/Projects/logic-gate-learner/verilog_code/final_nn
# Command line: vivado.exe -gui_launcher_event rodinguilauncherevent49636 C:\Users\Admin\Documents\Projects\logic-gate-learner\verilog_code\final_nn\z_1.xpr
# Log file: C:/Users/Admin/Documents/Projects/logic-gate-learner/verilog_code/final_nn/vivado.log
# Journal file: C:/Users/Admin/Documents/Projects/logic-gate-learner/verilog_code/final_nn\vivado.jou
# Running On: MSI, OS: Windows, CPU Frequency: 2419 MHz, CPU Physical cores: 24, Host memory: 31897 MB
#-----------------------------------------------------------
start_gui
WARNING: [Board 49-26] cannot add Board Part xilinx.com:kc705:part0:1.6 available at C:/Xilinx/Vivado/2022.2/data/xhub/boards/XilinxBoardStore/boards/Xilinx/kc705/1.6/board.xml as part xc7k325tffg900-2 specified in board_part file is either invalid or not available
WARNING: [Board 49-26] cannot add Board Part xilinx.com:kcu105:part0:1.6 available at C:/Xilinx/Vivado/2022.2/data/xhub/boards/XilinxBoardStore/boards/Xilinx/kcu105/1.6/board.xml as part xcku040-ffva1156-2-e specified in board_part file is either invalid or not available
WARNING: [Board 49-26] cannot add Board Part xilinx.com:kcu105:part0:1.7 available at C:/Xilinx/Vivado/2022.2/data/xhub/boards/XilinxBoardStore/boards/Xilinx/kcu105/1.7/board.xml as part xcku040-ffva1156-2-e specified in board_part file is either invalid or not available
WARNING: [Board 49-26] cannot add Board Part xilinx.com:kcu1500:part0:1.2 available at C:/Xilinx/Vivado/2022.2/data/xhub/boards/XilinxBoardStore/boards/Xilinx/kcu1500/1.2/board.xml as part xcku115-flvb2104-2-e specified in board_part file is either invalid or not available
WARNING: [Board 49-26] cannot add Board Part xilinx.com:vc707:part0:1.4 available at C:/Xilinx/Vivado/2022.2/data/xhub/boards/XilinxBoardStore/boards/Xilinx/vc707/1.4/board.xml as part xc7vx485tffg1761-2 specified in board_part file is either invalid or not available
WARNING: [Board 49-26] cannot add Board Part xilinx.com:vc709:part0:1.8 available at C:/Xilinx/Vivado/2022.2/data/xhub/boards/XilinxBoardStore/boards/Xilinx/vc709/1.8/board.xml as part xc7vx690tffg1761-2 specified in board_part file is either invalid or not available
WARNING: [Board 49-26] cannot add Board Part xilinx.com:vck190:part0:2.2 available at C:/Xilinx/Vivado/2022.2/data/xhub/boards/XilinxBoardStore/boards/Xilinx/vck190/production/2.2/board.xml as part xcvc1902-vsva2197-2mp-e-s specified in board_part file is either invalid or not available
WARNING: [Board 49-26] cannot add Board Part xilinx.com:vck190:part0:3.0 available at C:/Xilinx/Vivado/2022.2/data/xhub/boards/XilinxBoardStore/boards/Xilinx/vck190/production/3.0/board.xml as part xcvc1902-vsva2197-2mp-e-s specified in board_part file is either invalid or not available
WARNING: [Board 49-26] cannot add Board Part xilinx.com:vck190:part0:3.1 available at C:/Xilinx/Vivado/2022.2/data/xhub/boards/XilinxBoardStore/boards/Xilinx/vck190/production/3.1/board.xml as part xcvc1902-vsva2197-2mp-e-s specified in board_part file is either invalid or not available
WARNING: [Board 49-26] cannot add Board Part xilinx.com:vck190_newl:part0:1.0 available at C:/Xilinx/Vivado/2022.2/data/xhub/boards/XilinxBoardStore/boards/Xilinx/vck190_newl/production/1.0/board.xml as part xcvc1902-vsva2197-2mp-e-s specified in board_part file is either invalid or not available
WARNING: [Board 49-26] cannot add Board Part xilinx.com:vcu108:part0:1.6 available at C:/Xilinx/Vivado/2022.2/data/xhub/boards/XilinxBoardStore/boards/Xilinx/vcu108/1.6/board.xml as part xcvu095-ffva2104-2-e specified in board_part file is either invalid or not available
WARNING: [Board 49-26] cannot add Board Part xilinx.com:vcu108:part0:1.7 available at C:/Xilinx/Vivado/2022.2/data/xhub/boards/XilinxBoardStore/boards/Xilinx/vcu108/1.7/board.xml as part xcvu095-ffva2104-2-e specified in board_part file is either invalid or not available
WARNING: [Board 49-26] cannot add Board Part xilinx.com:vcu110:part0:1.4 available at C:/Xilinx/Vivado/2022.2/data/xhub/boards/XilinxBoardStore/boards/Xilinx/vcu110/1.4/board.xml as part xcvu190-flgc2104-2-e specified in board_part file is either invalid or not available
WARNING: [Board 49-26] cannot add Board Part xilinx.com:vcu118:part0:2.0 available at C:/Xilinx/Vivado/2022.2/data/xhub/boards/XilinxBoardStore/boards/Xilinx/vcu118/2.0/board.xml as part xcvu9p-flga2104-2l-e specified in board_part file is either invalid or not available
WARNING: [Board 49-26] cannot add Board Part xilinx.com:vcu118:part0:2.3 available at C:/Xilinx/Vivado/2022.2/data/xhub/boards/XilinxBoardStore/boards/Xilinx/vcu118/2.3/board.xml as part xcvu9p-flga2104-2l-e specified in board_part file is either invalid or not available
WARNING: [Board 49-26] cannot add Board Part xilinx.com:vcu118:part0:2.4 available at C:/Xilinx/Vivado/2022.2/data/xhub/boards/XilinxBoardStore/boards/Xilinx/vcu118/2.4/board.xml as part xcvu9p-flga2104-2l-e specified in board_part file is either invalid or not available
WARNING: [Board 49-26] cannot add Board Part xilinx.com:vcu128:part0:1.0 available at C:/Xilinx/Vivado/2022.2/data/xhub/boards/XilinxBoardStore/boards/Xilinx/vcu128/production/1.0/board.xml as part xcvu37p-fsvh2892-2l-e specified in board_part file is either invalid or not available
WARNING: [Board 49-26] cannot add Board Part xilinx.com:vcu129:part0:1.0 available at C:/Xilinx/Vivado/2022.2/data/xhub/boards/XilinxBoardStore/boards/Xilinx/vcu129/production/1.0/board.xml as part xcvu29p-fsga2577-2l-e specified in board_part file is either invalid or not available
WARNING: [Board 49-26] cannot add Board Part xilinx.com:vcu1525:part0:1.3 available at C:/Xilinx/Vivado/2022.2/data/xhub/boards/XilinxBoardStore/boards/Xilinx/vcu1525/1.3/board.xml as part xcvu9p-fsgd2104-2l-e specified in board_part file is either invalid or not available
WARNING: [Board 49-26] cannot add Board Part xilinx.com:vek280_es:part0:1.0 available at C:/Xilinx/Vivado/2022.2/data/xhub/boards/XilinxBoardStore/boards/Xilinx/vek280/es/1.0/board.xml as part xcve2802-vsvh1760-2lp-e-s-es1 specified in board_part file is either invalid or not available
WARNING: [Board 49-26] cannot add Board Part xilinx.com:vermeo_t1_mpsoc:part0:1.0 available at C:/Xilinx/Vivado/2022.2/data/xhub/boards/XilinxBoardStore/boards/Xilinx/vermeo_t1_mpsoc/1.0/board.xml as part xczu19eg-ffvd1760-2l-e specified in board_part file is either invalid or not available
WARNING: [Board 49-26] cannot add Board Part xilinx.com:vermeo_t1_rfsoc:part0:1.0 available at C:/Xilinx/Vivado/2022.2/data/xhub/boards/XilinxBoardStore/boards/Xilinx/vermeo_t1_rfsoc/1.0/board.xml as part xczu21dr-ffvd1156-2l-e specified in board_part file is either invalid or not available
WARNING: [Board 49-26] cannot add Board Part xilinx.com:vhk158_es:part0:1.0 available at C:/Xilinx/Vivado/2022.2/data/xhub/boards/XilinxBoardStore/boards/Xilinx/vhk158/es/1.0/board.xml as part xcvh1582-vsva3697-2mp-e-s-es1 specified in board_part file is either invalid or not available
WARNING: [Board 49-26] cannot add Board Part xilinx.com:vmk180:part0:2.2 available at C:/Xilinx/Vivado/2022.2/data/xhub/boards/XilinxBoardStore/boards/Xilinx/vmk180/production/2.2/board.xml as part xcvm1802-vsva2197-2mp-e-s specified in board_part file is either invalid or not available
WARNING: [Board 49-26] cannot add Board Part xilinx.com:vmk180:part0:3.0 available at C:/Xilinx/Vivado/2022.2/data/xhub/boards/XilinxBoardStore/boards/Xilinx/vmk180/production/3.0/board.xml as part xcvm1802-vsva2197-2mp-e-s specified in board_part file is either invalid or not available
WARNING: [Board 49-26] cannot add Board Part xilinx.com:vmk180:part0:3.1 available at C:/Xilinx/Vivado/2022.2/data/xhub/boards/XilinxBoardStore/boards/Xilinx/vmk180/production/3.1/board.xml as part xcvm1802-vsva2197-2mp-e-s specified in board_part file is either invalid or not available
WARNING: [Board 49-26] cannot add Board Part xilinx.com:vmk180_newl:part0:1.0 available at C:/Xilinx/Vivado/2022.2/data/xhub/boards/XilinxBoardStore/boards/Xilinx/vmk180_newl/production/1.0/board.xml as part xcvm1802-vsva2197-2mp-e-s specified in board_part file is either invalid or not available
WARNING: [Board 49-26] cannot add Board Part xilinx.com:vpk120:part0:1.0 available at C:/Xilinx/Vivado/2022.2/data/xhub/boards/XilinxBoardStore/boards/Xilinx/vpk120/production/1.0/board.xml as part xcvp1202-vsva2785-2mp-e-s specified in board_part file is either invalid or not available
WARNING: [Board 49-26] cannot add Board Part xilinx.com:vpk120_es:part0:1.2 available at C:/Xilinx/Vivado/2022.2/data/xhub/boards/XilinxBoardStore/boards/Xilinx/vpk120/es/1.2/board.xml as part xcvp1202-vsva2785-2mp-e-s-es1 specified in board_part file is either invalid or not available
WARNING: [Board 49-26] cannot add Board Part xilinx.com:vpk120_es_revb:part0:1.0 available at C:/Xilinx/Vivado/2022.2/data/xhub/boards/XilinxBoardStore/boards/Xilinx/vpk120_revb/es/1.0/board.xml as part xcvp1202-vsva2785-2mp-e-s-es1 specified in board_part file is either invalid or not available
WARNING: [Board 49-26] cannot add Board Part xilinx.com:vpk180_es:part0:1.0 available at C:/Xilinx/Vivado/2022.2/data/xhub/boards/XilinxBoardStore/boards/Xilinx/vpk180/es/1.0/board.xml as part xcvp1802-lsvc4072-2mp-e-s-es1 specified in board_part file is either invalid or not available
WARNING: [Board 49-26] cannot add Board Part xilinx.com:zc706:part0:1.4 available at C:/Xilinx/Vivado/2022.2/data/xhub/boards/XilinxBoardStore/boards/Xilinx/zc706/1.4/board.xml as part xc7z045ffg900-2 specified in board_part file is either invalid or not available
WARNING: [Board 49-26] cannot add Board Part xilinx.com:zcu102:part0:3.3 available at C:/Xilinx/Vivado/2022.2/data/xhub/boards/XilinxBoardStore/boards/Xilinx/zcu102/3.3/board.xml as part xczu9eg-ffvb1156-2-e specified in board_part file is either invalid or not available
WARNING: [Board 49-26] cannot add Board Part xilinx.com:zcu102:part0:3.4 available at C:/Xilinx/Vivado/2022.2/data/xhub/boards/XilinxBoardStore/boards/Xilinx/zcu102/3.4/board.xml as part xczu9eg-ffvb1156-2-e specified in board_part file is either invalid or not available
WARNING: [Board 49-26] cannot add Board Part xilinx.com:zcu111:part0:1.2 available at C:/Xilinx/Vivado/2022.2/data/xhub/boards/XilinxBoardStore/boards/Xilinx/zcu111/1.2/board.xml as part xczu28dr-ffvg1517-2-e specified in board_part file is either invalid or not available
WARNING: [Board 49-26] cannot add Board Part xilinx.com:zcu111:part0:1.3 available at C:/Xilinx/Vivado/2022.2/data/xhub/boards/XilinxBoardStore/boards/Xilinx/zcu111/1.3/board.xml as part xczu28dr-ffvg1517-2-e specified in board_part file is either invalid or not available
WARNING: [Board 49-26] cannot add Board Part xilinx.com:zcu111:part0:1.4 available at C:/Xilinx/Vivado/2022.2/data/xhub/boards/XilinxBoardStore/boards/Xilinx/zcu111/1.4/board.xml as part xczu28dr-ffvg1517-2-e specified in board_part file is either invalid or not available
WARNING: [Board 49-26] cannot add Board Part xilinx.com:zcu1275:part0:1.0 available at C:/Xilinx/Vivado/2022.2/data/xhub/boards/XilinxBoardStore/boards/Xilinx/zcu1275/1.0/board.xml as part xczu29dr-ffvf1760-2-e specified in board_part file is either invalid or not available
WARNING: [Board 49-26] cannot add Board Part xilinx.com:zcu1285:part0:1.0 available at C:/Xilinx/Vivado/2022.2/data/xhub/boards/XilinxBoardStore/boards/Xilinx/zcu1285/1.0/board.xml as part xczu39dr-ffvf1760-2-i specified in board_part file is either invalid or not available
WARNING: [Board 49-26] cannot add Board Part xilinx.com:zcu208:part0:2.0 available at C:/Xilinx/Vivado/2022.2/data/xhub/boards/XilinxBoardStore/boards/Xilinx/zcu208/production/2.0/board.xml as part xczu48dr-fsvg1517-2-e specified in board_part file is either invalid or not available
WARNING: [Board 49-26] cannot add Board Part xilinx.com:zcu208ld:part0:2.0 available at C:/Xilinx/Vivado/2022.2/data/xhub/boards/XilinxBoardStore/boards/Xilinx/zcu208ld/production/2.0/board.xml as part xczu58dr-fsvg1517-2-i specified in board_part file is either invalid or not available
WARNING: [Board 49-26] cannot add Board Part xilinx.com:zcu216:part0:2.0 available at C:/Xilinx/Vivado/2022.2/data/xhub/boards/XilinxBoardStore/boards/Xilinx/zcu216/production/2.0/board.xml as part xczu49dr-ffvf1760-2-e specified in board_part file is either invalid or not available
WARNING: [Board 49-26] cannot add Board Part xilinx.com:zcu216ld:part0:2.0 available at C:/Xilinx/Vivado/2022.2/data/xhub/boards/XilinxBoardStore/boards/Xilinx/zcu216ld/production/2.0/board.xml as part xczu59dr-ffvf1760-2-i specified in board_part file is either invalid or not available
WARNING: [Board 49-26] cannot add Board Part xilinx.com:zcu670:part0:2.0 available at C:/Xilinx/Vivado/2022.2/data/xhub/boards/XilinxBoardStore/boards/Xilinx/zcu670/2.0/board.xml as part xczu67dr-fsve1156-2-i specified in board_part file is either invalid or not available
WARNING: [Board 49-26] cannot add Board Part xilinx.com:zcu670ld:part0:1.0 available at C:/Xilinx/Vivado/2022.2/data/xhub/boards/XilinxBoardStore/boards/Xilinx/zcu670ld/1.0/board.xml as part xczu57dr-fsve1156-2-i specified in board_part file is either invalid or not available
open_project C:/Users/Admin/Documents/Projects/logic-gate-learner/verilog_code/final_nn/z_1.xpr
INFO: [Project 1-313] Project file moved from 'C:/Vitis_Vivado/z_1' since last save.
INFO: [filemgmt 56-3] Default IP Output Path : Could not find the directory 'C:/Users/Admin/Documents/Projects/logic-gate-learner/verilog_code/final_nn/z_1.gen/sources_1'.
WARNING: [filemgmt 56-3] IPUserFilesDir: Could not find the directory 'C:/Users/Admin/Documents/Projects/logic-gate-learner/verilog_code/final_nn/z_1.ip_user_files'.
CRITICAL WARNING: [Project 1-311] Could not find the file 'C:/Users/Admin/Documents/Projects/logic-gate-learner/verilog_code/final_nn/memory/w1_row_1.coe', nor could it be found using path 'C:/Vitis_Vivado/z_1/memory/w1_row_1.coe'.
CRITICAL WARNING: [Project 1-311] Could not find the file 'C:/Users/Admin/Documents/Projects/logic-gate-learner/verilog_code/final_nn/memory/w1_row_2.coe', nor could it be found using path 'C:/Vitis_Vivado/z_1/memory/w1_row_2.coe'.
CRITICAL WARNING: [Project 1-311] Could not find the file 'C:/Users/Admin/Documents/Projects/logic-gate-learner/verilog_code/final_nn/memory/w1_row_3.coe', nor could it be found using path 'C:/Vitis_Vivado/z_1/memory/w1_row_3.coe'.
CRITICAL WARNING: [Project 1-311] Could not find the file 'C:/Users/Admin/Documents/Projects/logic-gate-learner/verilog_code/final_nn/memory/w1_row_4.coe', nor could it be found using path 'C:/Vitis_Vivado/z_1/memory/w1_row_4.coe'.
CRITICAL WARNING: [Project 1-311] Could not find the file 'C:/Users/Admin/Documents/Projects/logic-gate-learner/verilog_code/final_nn/memory/w1_row_5.coe', nor could it be found using path 'C:/Vitis_Vivado/z_1/memory/w1_row_5.coe'.
CRITICAL WARNING: [Project 1-311] Could not find the file 'C:/Users/Admin/Documents/Projects/logic-gate-learner/verilog_code/final_nn/memory/w1_row_6.coe', nor could it be found using path 'C:/Vitis_Vivado/z_1/memory/w1_row_6.coe'.
CRITICAL WARNING: [Project 1-311] Could not find the file 'C:/Users/Admin/Documents/Projects/logic-gate-learner/verilog_code/final_nn/memory/w1_row_7.coe', nor could it be found using path 'C:/Vitis_Vivado/z_1/memory/w1_row_7.coe'.
CRITICAL WARNING: [Project 1-311] Could not find the file 'C:/Users/Admin/Documents/Projects/logic-gate-learner/verilog_code/final_nn/memory/w1_row_8.coe', nor could it be found using path 'C:/Vitis_Vivado/z_1/memory/w1_row_8.coe'.
CRITICAL WARNING: [Project 1-311] Could not find the file 'C:/Users/Admin/Documents/Projects/logic-gate-learner/verilog_code/final_nn/memory/w1_row_9.coe', nor could it be found using path 'C:/Vitis_Vivado/z_1/memory/w1_row_9.coe'.
CRITICAL WARNING: [Project 1-311] Could not find the file 'C:/Users/Admin/Documents/Projects/logic-gate-learner/verilog_code/final_nn/memory/w1_row_10.coe', nor could it be found using path 'C:/Vitis_Vivado/z_1/memory/w1_row_10.coe'.
CRITICAL WARNING: [Project 1-311] Could not find the file 'C:/Users/Admin/Documents/Projects/logic-gate-learner/verilog_code/final_nn/memory/w2_row_1.coe', nor could it be found using path 'C:/Vitis_Vivado/z_1/memory/w2_row_1.coe'.
CRITICAL WARNING: [Project 1-311] Could not find the file 'C:/Users/Admin/Documents/Projects/logic-gate-learner/verilog_code/final_nn/memory/w2_row_2.coe', nor could it be found using path 'C:/Vitis_Vivado/z_1/memory/w2_row_2.coe'.
CRITICAL WARNING: [Project 1-311] Could not find the file 'C:/Users/Admin/Documents/Projects/logic-gate-learner/verilog_code/final_nn/memory/w2_row_3.coe', nor could it be found using path 'C:/Vitis_Vivado/z_1/memory/w2_row_3.coe'.
CRITICAL WARNING: [Project 1-311] Could not find the file 'C:/Users/Admin/Documents/Projects/logic-gate-learner/verilog_code/final_nn/memory/w2_row_4.coe', nor could it be found using path 'C:/Vitis_Vivado/z_1/memory/w2_row_4.coe'.
CRITICAL WARNING: [Project 1-311] Could not find the file 'C:/Users/Admin/Documents/Projects/logic-gate-learner/verilog_code/final_nn/memory/w2_row_5.coe', nor could it be found using path 'C:/Vitis_Vivado/z_1/memory/w2_row_5.coe'.
CRITICAL WARNING: [Project 1-311] Could not find the file 'C:/Users/Admin/Documents/Projects/logic-gate-learner/verilog_code/final_nn/memory/w2_row_6.coe', nor could it be found using path 'C:/Vitis_Vivado/z_1/memory/w2_row_6.coe'.
CRITICAL WARNING: [Project 1-311] Could not find the file 'C:/Users/Admin/Documents/Projects/logic-gate-learner/verilog_code/final_nn/memory/w2_row_7.coe', nor could it be found using path 'C:/Vitis_Vivado/z_1/memory/w2_row_7.coe'.
CRITICAL WARNING: [Project 1-311] Could not find the file 'C:/Users/Admin/Documents/Projects/logic-gate-learner/verilog_code/final_nn/memory/w2_row_8.coe', nor could it be found using path 'C:/Vitis_Vivado/z_1/memory/w2_row_8.coe'.
CRITICAL WARNING: [Project 1-311] Could not find the file 'C:/Users/Admin/Documents/Projects/logic-gate-learner/verilog_code/final_nn/memory/w2_row_9.coe', nor could it be found using path 'C:/Vitis_Vivado/z_1/memory/w2_row_9.coe'.
CRITICAL WARNING: [Project 1-311] Could not find the file 'C:/Users/Admin/Documents/Projects/logic-gate-learner/verilog_code/final_nn/memory/w2_row_10.coe', nor could it be found using path 'C:/Vitis_Vivado/z_1/memory/w2_row_10.coe'.
CRITICAL WARNING: [Project 1-311] Could not find the file 'C:/Users/Admin/Documents/Projects/logic-gate-learner/verilog_code/final_nn/memory/input_vector_q15.coe', nor could it be found using path 'C:/Vitis_Vivado/z_1/memory/input_vector_q15.coe'.
CRITICAL WARNING: [Project 1-311] Could not find the file 'C:/Users/Admin/Documents/Projects/logic-gate-learner/verilog_code/final_nn/memory/b1_q15.coe', nor could it be found using path 'C:/Vitis_Vivado/z_1/memory/b1_q15.coe'.
CRITICAL WARNING: [Project 1-311] Could not find the file 'C:/Users/Admin/Documents/Projects/logic-gate-learner/verilog_code/final_nn/memory/b2_q15.coe', nor could it be found using path 'C:/Vitis_Vivado/z_1/memory/b2_q15.coe'.
CRITICAL WARNING: [Project 1-311] Could not find the file 'C:/Users/Admin/Documents/Projects/logic-gate-learner/verilog_code/final_nn/memory/8_q15.coe', nor could it be found using path 'C:/Vitis_Vivado/z_1/memory/8_q15.coe'.
Scanning sources...
Finished scanning sources
WARNING: [Project 1-509] GeneratedRun file for 'synth_1' not found
WARNING: [Project 1-509] GeneratedRun file for 'blk_mem_gen_0_synth_1' not found
WARNING: [Project 1-509] GeneratedRun file for 'blk_mem_gen_1_synth_1' not found
WARNING: [Project 1-509] GeneratedRun file for 'blk_mem_gen_2_synth_1' not found
WARNING: [Project 1-509] GeneratedRun file for 'blk_mem_gen_3_synth_1' not found
WARNING: [Project 1-509] GeneratedRun file for 'blk_mem_gen_4_synth_1' not found
WARNING: [Project 1-509] GeneratedRun file for 'blk_mem_gen_5_synth_1' not found
WARNING: [Project 1-509] GeneratedRun file for 'blk_mem_gen_6_synth_1' not found
WARNING: [Project 1-509] GeneratedRun file for 'blk_mem_gen_7_synth_1' not found
WARNING: [Project 1-509] GeneratedRun file for 'blk_mem_gen_8_synth_1' not found
WARNING: [Project 1-509] GeneratedRun file for 'blk_mem_gen_9_synth_1' not found
WARNING: [Project 1-509] GeneratedRun file for 'blk_mem_gen_10_synth_1' not found
WARNING: [Project 1-509] GeneratedRun file for 'blk_mem_gen_00_synth_1' not found
WARNING: [Project 1-509] GeneratedRun file for 'blk_mem_gen_11_synth_1' not found
WARNING: [Project 1-509] GeneratedRun file for 'blk_mem_gen_33_synth_1' not found
WARNING: [Project 1-509] GeneratedRun file for 'blk_mem_gen_44_synth_1' not found
WARNING: [Project 1-509] GeneratedRun file for 'blk_mem_gen_55_synth_1' not found
WARNING: [Project 1-509] GeneratedRun file for 'blk_mem_gen_66_synth_1' not found
WARNING: [Project 1-509] GeneratedRun file for 'blk_mem_gen_77_synth_1' not found
WARNING: [Project 1-509] GeneratedRun file for 'blk_mem_gen_88_synth_1' not found
WARNING: [Project 1-509] GeneratedRun file for 'blk_mem_gen_99_synth_1' not found
WARNING: [Project 1-509] GeneratedRun file for 'blk_mem_gen_100_synth_1' not found
WARNING: [Project 1-509] GeneratedRun file for 'blk_mem_gen_22_synth_1' not found
WARNING: [Project 1-509] GeneratedRun file for 'blk_mem_gen_input_synth_1' not found
WARNING: [Project 1-509] GeneratedRun file for 'ila_0_synth_1' not found
WARNING: [Project 1-509] GeneratedRun file for 'impl_1' not found
INFO: [IP_Flow 19-234] Refreshing IP repositories
INFO: [IP_Flow 19-1704] No user IP repositories specified
INFO: [IP_Flow 19-2313] Loaded Vivado IP repository 'C:/Xilinx/Vivado/2022.2/data/ip'.
INFO: [Project 1-230] Project 'z_1.xpr' upgraded for this version of Vivado.
open_project: Time (s): cpu = 00:00:38 ; elapsed = 00:00:58 . Memory (MB): peak = 1189.828 ; gain = 260.344
report_ip_status -name ip_status 
update_compile_order -fileset sources_1
exit
INFO: [Common 17-206] Exiting Vivado at Sat Jun 14 10:51:19 2025...
